---Library Info---
The History of Hamburger: 159635
------------------

---Search Result---
Not Found!
-------------------

---Search Result---
Not Found!
-------------------

---Search Result---
Writing Code that Nobody Else Can Read: 273312
-------------------

---Library Info---
Elon Musk:Tesla, SpaceX, and the Quest for a Fantastic Future: 219733
Hunger Game 1: 35933
The History of Hamburger: 159635
Writing Code that Nobody Else Can Read: 273312
------------------

---Library Info---
Elon Musk:Tesla, SpaceX, and the Quest for a Fantastic Future: 219733
Hunger Game 1: 35933
Introduction to Algorithms: 960564
The History of Hamburger: 159635
Writing Code that Nobody Else Can Read: 273312
------------------

---Search Result---
Writing Code that Nobody Else Can Read: 273312
-------------------

---Library Info---
Elon Musk:Tesla, SpaceX, and the Quest for a Fantastic Future: 219733
Hunger Game 1: 35933
Introduction to Algorithms: 960564
The History of Hamburger: 159635
Writing Code that Nobody Else Can Read: 273312
------------------

---Library Info---
Elon Musk:Tesla, SpaceX, and the Quest for a Fantastic Future: 219733
Hunger Game 1: 35933
Introduction to Algorithms: 960564
The History of Hamburger: 159635
Writing Code that Nobody Else Can Read: 273312
------------------

---Search Result---
Introduction to Algorithms: 960564
-------------------

---Search Result---
Writing Code that Nobody Else Can Read: 273312
-------------------

---Search Result---
Elon Musk:Tesla, SpaceX, and the Quest for a Fantastic Future: 219733
-------------------

---Library Info---
$EDYTGDIUYA&t8T78RE%^$R&: 551294
Elon Musk:Tesla, SpaceX, and the Quest for a Fantastic Future: 219733
Hunger Game 1: 35933
Introduction to Algorithms: 960564
The History of Hamburger: 159635
Writing Code that Nobody Else Can Read: 273312
------------------

---Library Info---
$EDYTGDIUYA&t8T78RE%^$R&: 551294
Elon Musk:Tesla, SpaceX, and the Quest for a Fantastic Future: 219733
Hunger Game 1: 35933
Introduction to Algorithms: 960564
The History of Hamburger: 159635
Writing Code that Nobody Else Can Read: 273312
------------------

---Library Info---
$EDYTGDIUYA&t8T78RE%^$R&: 551294
Elon Musk:Tesla, SpaceX, and the Quest for a Fantastic Future: 219733
Hunger Game 1: 35933
Introduction to Algorithms: 1902872
The History of Hamburger: 159635
Writing Code that Nobody Else Can Read: 273312
------------------

---Search Result---
Introduction to Algorithms: 1902872
Writing Code that Nobody Else Can Read: 273312
-------------------

---Search Result---
Writing Code that Nobody Else Can Read: 273312
-------------------

---Library Info---
$EDYTGDIUYA&t8T78RE%^$R&: 551294
Elon Musk:Tesla, SpaceX, and the Quest for a Fantastic Future: 1114141
Hunger Game 1: 94819
Introduction to Algorithms: 1902872
The History of Hamburger: 159635
Writing Code that Nobody Else Can Read: 273312
------------------

---Search Result---
Introduction to Algorithms: 1902872
-------------------

---Library Info---
$EDYTGDIUYA&t8T78RE%^$R&: 551294
Elon Musk:Tesla, SpaceX, and the Quest for a Fantastic Future: 1372947
Hunger Game 1: 1027833
Introduction to Algorithms: 2879534
The History of Hamburger: 159635
Writing Code that Nobody Else Can Read: 1086292
------------------

---Search Result---
Hunger Game 1: 1027833
-------------------

---Search Result---
The History of Hamburger: 159635
-------------------

---Library Info---
$EDYTGDIUYA&t8T78RE%^$R&: 551294
Elon Musk:Tesla, SpaceX, and the Quest for a Fantastic Future: 1372947
Hunger Game 1: 1027833
Introduction to Algorithms: 2879534
The History of Hamburger: 159635
Writing Code that Nobody Else Can Read: 1086292
------------------

---Search Result---
Writing Code that Nobody Else Can Read: 1086292
-------------------

---Library Info---
$EDYTGDIUYA&t8T78RE%^$R&: 551294
Elon Musk:Tesla, SpaceX, and the Quest for a Fantastic Future: 1372947
Hunger Game 1: 3129021
Introduction to Algorithms: 2879534
The History of Hamburger: 159635
Writing Code that Nobody Else Can Read: 1086292
------------------

---Library Info---
$EDYTGDIUYA&t8T78RE%^$R&: 551294
Elon Musk:Tesla, SpaceX, and the Quest for a Fantastic Future: 1372947
Hunger Game 1: 3608559
Introduction to Algorithms: 2879534
The History of Hamburger: 159635
Writing Code that Nobody Else Can Read: 1086292
------------------

---Library Info---
$EDYTGDIUYA&t8T78RE%^$R&: 551294
Elon Musk:Tesla, SpaceX, and the Quest for a Fantastic Future: 1372947
Hunger Game 1: 3608559
Introduction to Algorithms: 2879534
The History of Hamburger: 159635
Writing Code that Nobody Else Can Read: 1086292
------------------

---Library Info---
$EDYTGDIUYA&t8T78RE%^$R&: 551294
Elon Musk:Tesla, SpaceX, and the Quest for a Fantastic Future: 1372947
Hunger Game 1: 3608559
Introduction to Algorithms: 2879534
The History of Hamburger: 159635
Writing Code that Nobody Else Can Read: 1086292
------------------

---Library Info---
$EDYTGDIUYA&t8T78RE%^$R&: 551294
Elon Musk:Tesla, SpaceX, and the Quest for a Fantastic Future: 1372947
Hunger Game 1: 3608559
Introduction to Algorithms: 2879534
The History of Hamburger: 159635
Writing Code that Nobody Else Can Read: 1086292
------------------

---Library Info---
$EDYTGDIUYA&t8T78RE%^$R&: 551294
Elon Musk:Tesla, SpaceX, and the Quest for a Fantastic Future: 1372947
Hunger Game 1: 3608559
Introduction to Algorithms: 2879534
The History of Hamburger: 159635
Writing Code that Nobody Else Can Read: 1086292
------------------

---Library Info---
$EDYTGDIUYA&t8T78RE%^$R&: 551294
Elon Musk:Tesla, SpaceX, and the Quest for a Fantastic Future: 1372947
Hunger Game 1: 3608559
Introduction to Algorithms: 2879534
The History of Hamburger: 159635
Writing Code that Nobody Else Can Read: 1086292
------------------

---Library Info---
$EDYTGDIUYA&t8T78RE%^$R&: 551294
Elon Musk:Tesla, SpaceX, and the Quest for a Fantastic Future: 1372947
Hunger Game 1: 3608559
Introduction to Algorithms: 2879534
The History of Hamburger: 159635
Writing Code that Nobody Else Can Read: 1086292
------------------

---Library Info---
$EDYTGDIUYA&t8T78RE%^$R&: 551294
Elon Musk:Tesla, SpaceX, and the Quest for a Fantastic Future: 1372947
Hunger Game 1: 3608559
Introduction to Algorithms: 2879534
The History of Hamburger: 159635
Writing Code that Nobody Else Can Read: 1086292
------------------

---Search Result---
Writing Code that Nobody Else Can Read: 1086292
-------------------

---Library Info---
$EDYTGDIUYA&t8T78RE%^$R&: 551294
Elon Musk:Tesla, SpaceX, and the Quest for a Fantastic Future: 1372947
Hunger Game 1: 3608559
Introduction to Algorithms: 3594108
The History of Hamburger: 159635
Writing Code that Nobody Else Can Read: 1396377
------------------

---Search Result---
Introduction to Algorithms: 3594108
Writing Code that Nobody Else Can Read: 1396377
-------------------

---Search Result---
The History of Hamburger: 159635
-------------------

---Library Info---
$EDYTGDIUYA&t8T78RE%^$R&: 551294
Elon Musk:Tesla, SpaceX, and the Quest for a Fantastic Future: 1372947
Hunger Game 1: 3608559
Introduction to Algorithms: 3594108
The History of Hamburger: 159635
Writing Code that Nobody Else Can Read: 2329199
------------------

---Search Result---
$EDYTGDIUYA&t8T78RE%^$R&: 551294
-------------------

---Library Info---
$EDYTGDIUYA&t8T78RE%^$R&: 551294
Elon Musk:Tesla, SpaceX, and the Quest for a Fantastic Future: 1372947
Hunger Game 1: 3608559
Introduction to Algorithms: 3594108
The History of Hamburger: 159635
Writing Code that Nobody Else Can Read: 2329199
------------------

---Library Info---
$EDYTGDIUYA&t8T78RE%^$R&: 551294
Elon Musk:Tesla, SpaceX, and the Quest for a Fantastic Future: 1372947
Hunger Game 1: 3608559
Introduction to Algorithms: 3594108
The History of Hamburger: 159635
Writing Code that Nobody Else Can Read: 2329199
------------------

---Library Info---
$EDYTGDIUYA&t8T78RE%^$R&: 551294
Elon Musk:Tesla, SpaceX, and the Quest for a Fantastic Future: 1372947
Hunger Game 1: 3608559
Introduction to Algorithms: 3594108
The History of Hamburger: 159635
Writing Code that Nobody Else Can Read: 2329199
------------------

---Library Info---
$EDYTGDIUYA&t8T78RE%^$R&: 551294
Elon Musk:Tesla, SpaceX, and the Quest for a Fantastic Future: 1372947
Hunger Game 1: 3608559
Introduction to Algorithms: 3594108
The History of Hamburger: 159635
Writing Code that Nobody Else Can Read: 2329199
------------------

---Search Result---
Elon Musk:Tesla, SpaceX, and the Quest for a Fantastic Future: 1372947
-------------------

---Library Info---
$EDYTGDIUYA&t8T78RE%^$R&: 551294
Elon Musk:Tesla, SpaceX, and the Quest for a Fantastic Future: 1372947
Hunger Game 1: 3608559
Introduction to Algorithms: 3594108
The History of Hamburger: 159635
Writing Code that Nobody Else Can Read: 2841338
------------------

---Library Info---
$EDYTGDIUYA&t8T78RE%^$R&: 551294
Elon Musk:Tesla, SpaceX, and the Quest for a Fantastic Future: 1372947
Hunger Game 1: 3608559
Introduction to Algorithms: 3594108
The History of Hamburger: 159635
Writing Code that Nobody Else Can Read: 2841338
------------------

---Search Result---
The History of Hamburger: 159635
-------------------

---Library Info---
$EDYTGDIUYA&t8T78RE%^$R&: 551294
Elon Musk:Tesla, SpaceX, and the Quest for a Fantastic Future: 1372947
Hunger Game 1: 3608559
Introduction to Algorithms: 3594108
The History of Hamburger: 159635
Writing Code that Nobody Else Can Read: 2841338
------------------

---Search Result---
Introduction to Algorithms: 3594108
Writing Code that Nobody Else Can Read: 2841338
-------------------

---Library Info---
$EDYTGDIUYA&t8T78RE%^$R&: 551294
Elon Musk:Tesla, SpaceX, and the Quest for a Fantastic Future: 1372947
Hunger Game 1: 3608559
Introduction to Algorithms: 3594108
The History of Hamburger: 159635
Writing Code that Nobody Else Can Read: 2841338
------------------

---Search Result---
Writing Code that Nobody Else Can Read: 3231576
-------------------

---Library Info---
$EDYTGDIUYA&t8T78RE%^$R&: 1247515
Elon Musk:Tesla, SpaceX, and the Quest for a Fantastic Future: 1372947
Hunger Game 1: 3608559
Introduction to Algorithms: 4285960
The History of Hamburger: 159635
Writing Code that Nobody Else Can Read: 3231576
------------------

---Library Info---
$EDYTGDIUYA&t8T78RE%^$R&: 1247515
Elon Musk:Tesla, SpaceX, and the Quest for a Fantastic Future: 1372947
Hunger Game 1: 3608559
Introduction to Algorithms: 4285960
The History of Hamburger: 159635
Writing Code that Nobody Else Can Read: 3231576
------------------

---Search Result---
The History of Hamburger: 159635
-------------------

---Library Info---
$EDYTGDIUYA&t8T78RE%^$R&: 1247515
Elon Musk:Tesla, SpaceX, and the Quest for a Fantastic Future: 1372947
Hunger Game 1: 3608559
Introduction to Algorithms: 4285960
The History of Hamburger: 1068641
Writing Code that Nobody Else Can Read: 3363911
------------------

---Search Result---
The History of Hamburger: 1738415
-------------------

---Search Result---
Writing Code that Nobody Else Can Read: 3363911
-------------------

---Library Info---
$EDYTGDIUYA&t8T78RE%^$R&: 1247515
Elon Musk:Tesla, SpaceX, and the Quest for a Fantastic Future: 1372947
Hunger Game 1: 3608559
Introduction to Algorithms: 4285960
The History of Hamburger: 1738415
Writing Code that Nobody Else Can Read: 3653167
------------------

---Library Info---
$EDYTGDIUYA&t8T78RE%^$R&: 1247515
Elon Musk:Tesla, SpaceX, and the Quest for a Fantastic Future: 1372947
Hunger Game 1: 3608559
Introduction to Algorithms: 4285960
The History of Hamburger: 1738415
Writing Code that Nobody Else Can Read: 3653167
------------------

---Library Info---
$EDYTGDIUYA&t8T78RE%^$R&: 1385743
Elon Musk:Tesla, SpaceX, and the Quest for a Fantastic Future: 1372947
Hunger Game 1: 3608559
Introduction to Algorithms: 4285960
The History of Hamburger: 1738415
Writing Code that Nobody Else Can Read: 4277662
------------------

---Library Info---
$EDYTGDIUYA&t8T78RE%^$R&: 1385743
Elon Musk:Tesla, SpaceX, and the Quest for a Fantastic Future: 1372947
Hunger Game 1: 3608559
Introduction to Algorithms: 4285960
The History of Hamburger: 1738415
Writing Code that Nobody Else Can Read: 4277662
------------------

---Search Result---
Writing Code that Nobody Else Can Read: 4277662
-------------------

---Library Info---
$EDYTGDIUYA&t8T78RE%^$R&: 1385743
Elon Musk:Tesla, SpaceX, and the Quest for a Fantastic Future: 2223809
Hunger Game 1: 3608559
Introduction to Algorithms: 4285960
The History of Hamburger: 1738415
Writing Code that Nobody Else Can Read: 4277662
------------------

---Search Result---
Introduction to Algorithms: 4285960
Writing Code that Nobody Else Can Read: 4277662
-------------------

---Library Info---
$EDYTGDIUYA&t8T78RE%^$R&: 1385743
Elon Musk:Tesla, SpaceX, and the Quest for a Fantastic Future: 2223809
Hunger Game 1: 3608559
Introduction to Algorithms: 4285960
The History of Hamburger: 1738415
Writing Code that Nobody Else Can Read: 4277662
------------------

---Library Info---
$EDYTGDIUYA&t8T78RE%^$R&: 1385743
Elon Musk:Tesla, SpaceX, and the Quest for a Fantastic Future: 2223809
Hunger Game 1: 3608559
Introduction to Algorithms: 4285960
The History of Hamburger: 1738415
Writing Code that Nobody Else Can Read: 4277662
------------------

---Library Info---
$EDYTGDIUYA&t8T78RE%^$R&: 1385743
Elon Musk:Tesla, SpaceX, and the Quest for a Fantastic Future: 2223809
Hunger Game 1: 3608559
Introduction to Algorithms: 4285960
The History of Hamburger: 1738415
Writing Code that Nobody Else Can Read: 4277662
------------------

---Library Info---
$EDYTGDIUYA&t8T78RE%^$R&: 1385743
Elon Musk:Tesla, SpaceX, and the Quest for a Fantastic Future: 2223809
Hunger Game 1: 3608559
Introduction to Algorithms: 5117184
The History of Hamburger: 1738415
Writing Code that Nobody Else Can Read: 4616154
------------------

---Library Info---
$EDYTGDIUYA&t8T78RE%^$R&: 1385743
Elon Musk:Tesla, SpaceX, and the Quest for a Fantastic Future: 2968972
Hunger Game 1: 4519932
Introduction to Algorithms: 5117184
The History of Hamburger: 1738415
Writing Code that Nobody Else Can Read: 4616154
------------------

---Search Result---
Hunger Game 1: 4519932
-------------------

---Library Info---
$EDYTGDIUYA&t8T78RE%^$R&: 1385743
Elon Musk:Tesla, SpaceX, and the Quest for a Fantastic Future: 2968972
Hunger Game 1: 4519932
Introduction to Algorithms: 5117184
The History of Hamburger: 1738415
Writing Code that Nobody Else Can Read: 4686121
------------------

---Library Info---
$EDYTGDIUYA&t8T78RE%^$R&: 1385743
Elon Musk:Tesla, SpaceX, and the Quest for a Fantastic Future: 2968972
Hunger Game 1: 4981398
Introduction to Algorithms: 5117184
The History of Hamburger: 1738415
Writing Code that Nobody Else Can Read: 4686121
------------------

---Search Result---
Writing Code that Nobody Else Can Read: 4686121
-------------------

---Library Info---
$EDYTGDIUYA&t8T78RE%^$R&: 2136077
Elon Musk:Tesla, SpaceX, and the Quest for a Fantastic Future: 2968972
Hunger Game 1: 4981398
Introduction to Algorithms: 5117184
The History of Hamburger: 1738415
Writing Code that Nobody Else Can Read: 4686121
------------------

---Search Result---
Introduction to Algorithms: 5117184
-------------------

---Library Info---
$EDYTGDIUYA&t8T78RE%^$R&: 2653292
Elon Musk:Tesla, SpaceX, and the Quest for a Fantastic Future: 2968972
Hunger Game 1: 4981398
Introduction to Algorithms: 5794975
The History of Hamburger: 1738415
Writing Code that Nobody Else Can Read: 4686121
------------------

---Library Info---
$EDYTGDIUYA&t8T78RE%^$R&: 2653292
Elon Musk:Tesla, SpaceX, and the Quest for a Fantastic Future: 3624023
Hunger Game 1: 4981398
Introduction to Algorithms: 5794975
The History of Hamburger: 1738415
Writing Code that Nobody Else Can Read: 4686121
------------------

---Search Result---
Introduction to Algorithms: 5794975
-------------------

---Library Info---
$EDYTGDIUYA&t8T78RE%^$R&: 2653292
Elon Musk:Tesla, SpaceX, and the Quest for a Fantastic Future: 3624023
Hunger Game 1: 4981398
Introduction to Algorithms: 5794975
The History of Hamburger: 1738415
Writing Code that Nobody Else Can Read: 4686121
------------------

---Library Info---
$EDYTGDIUYA&t8T78RE%^$R&: 2653292
Elon Musk:Tesla, SpaceX, and the Quest for a Fantastic Future: 3624023
Hunger Game 1: 4981398
Introduction to Algorithms: 5794975
The History of Hamburger: 1738415
Writing Code that Nobody Else Can Read: 4686121
------------------

---Search Result---
Writing Code that Nobody Else Can Read: 5173847
-------------------

---Search Result---
$EDYTGDIUYA&t8T78RE%^$R&: 2653292
-------------------

---Library Info---
$EDYTGDIUYA&t8T78RE%^$R&: 2653292
Elon Musk:Tesla, SpaceX, and the Quest for a Fantastic Future: 3624023
Hunger Game 1: 4981398
Introduction to Algorithms: 5794975
The History of Hamburger: 2310568
Writing Code that Nobody Else Can Read: 5173847
------------------

---Library Info---
$EDYTGDIUYA&t8T78RE%^$R&: 2653292
Elon Musk:Tesla, SpaceX, and the Quest for a Fantastic Future: 3624023
Hunger Game 1: 4981398
Introduction to Algorithms: 5794975
The History of Hamburger: 2310568
Writing Code that Nobody Else Can Read: 5173847
------------------

---Library Info---
$EDYTGDIUYA&t8T78RE%^$R&: 2653292
Elon Musk:Tesla, SpaceX, and the Quest for a Fantastic Future: 3624023
Hunger Game 1: 4981398
Introduction to Algorithms: 5794975
The History of Hamburger: 2310568
Writing Code that Nobody Else Can Read: 5173847
------------------

---Search Result---
Writing Code that Nobody Else Can Read: 5173847
-------------------

---Search Result---
$EDYTGDIUYA&t8T78RE%^$R&: 2653292
-------------------

---Search Result---
Writing Code that Nobody Else Can Read: 5173847
-------------------

---Library Info---
$EDYTGDIUYA&t8T78RE%^$R&: 2653292
Elon Musk:Tesla, SpaceX, and the Quest for a Fantastic Future: 4035148
Hunger Game 1: 4981398
Introduction to Algorithms: 6495626
The History of Hamburger: 2310568
Writing Code that Nobody Else Can Read: 5186897
------------------

---Library Info---
$EDYTGDIUYA&t8T78RE%^$R&: 2653292
Elon Musk:Tesla, SpaceX, and the Quest for a Fantastic Future: 4035148
Hunger Game 1: 4981398
Introduction to Algorithms: 6495626
The History of Hamburger: 2310568
Writing Code that Nobody Else Can Read: 5186897
------------------

---Search Result---
Writing Code that Nobody Else Can Read: 5186897
-------------------

---Search Result---
$EDYTGDIUYA&t8T78RE%^$R&: 2653292
-------------------

---Library Info---
$EDYTGDIUYA&t8T78RE%^$R&: 2653292
Elon Musk:Tesla, SpaceX, and the Quest for a Fantastic Future: 4035148
Hunger Game 1: 5460708
Introduction to Algorithms: 6495626
The History of Hamburger: 3048199
Writing Code that Nobody Else Can Read: 5186897
------------------

---Search Result---
The History of Hamburger: 3048199
-------------------

---Library Info---
$EDYTGDIUYA&t8T78RE%^$R&: 2676008
Elon Musk:Tesla, SpaceX, and the Quest for a Fantastic Future: 4035148
Hunger Game 1: 5460708
Introduction to Algorithms: 6495626
The History of Hamburger: 3048199
Writing Code that Nobody Else Can Read: 5847093
------------------

---Library Info---
$EDYTGDIUYA&t8T78RE%^$R&: 2676008
Elon Musk:Tesla, SpaceX, and the Quest for a Fantastic Future: 4035148
Hunger Game 1: 5460708
Introduction to Algorithms: 6495626
The History of Hamburger: 3048199
Writing Code that Nobody Else Can Read: 5847093
------------------

---Library Info---
$EDYTGDIUYA&t8T78RE%^$R&: 2676008
Elon Musk:Tesla, SpaceX, and the Quest for a Fantastic Future: 4035148
Hunger Game 1: 5460708
Introduction to Algorithms: 6495626
The History of Hamburger: 3048199
Writing Code that Nobody Else Can Read: 5847093
------------------

---Search Result---
Introduction to Algorithms: 6495626
Writing Code that Nobody Else Can Read: 5847093
-------------------

---Library Info---
$EDYTGDIUYA&t8T78RE%^$R&: 2676008
Elon Musk:Tesla, SpaceX, and the Quest for a Fantastic Future: 4035148
Hunger Game 1: 5460708
Introduction to Algorithms: 6495626
The History of Hamburger: 3048199
Writing Code that Nobody Else Can Read: 5847093
------------------

---Search Result---
The History of Hamburger: 3048199
-------------------

---Library Info---
$EDYTGDIUYA&t8T78RE%^$R&: 2676008
Elon Musk:Tesla, SpaceX, and the Quest for a Fantastic Future: 4035148
Hunger Game 1: 5460708
Introduction to Algorithms: 6495626
The History of Hamburger: 3048199
Writing Code that Nobody Else Can Read: 5847093
------------------

---Library Info---
$EDYTGDIUYA&t8T78RE%^$R&: 2676008
Elon Musk:Tesla, SpaceX, and the Quest for a Fantastic Future: 4035148
Hunger Game 1: 5460708
Introduction to Algorithms: 6495626
The History of Hamburger: 3048199
Writing Code that Nobody Else Can Read: 5847093
------------------

---Library Info---
$EDYTGDIUYA&t8T78RE%^$R&: 2676008
Elon Musk:Tesla, SpaceX, and the Quest for a Fantastic Future: 4035148
Hunger Game 1: 5460708
Introduction to Algorithms: 6495626
The History of Hamburger: 3048199
Writing Code that Nobody Else Can Read: 5847093
------------------

---Search Result---
Elon Musk:Tesla, SpaceX, and the Quest for a Fantastic Future: 4035148
-------------------

---Search Result---
The History of Hamburger: 3300239
-------------------

---Library Info---
$EDYTGDIUYA&t8T78RE%^$R&: 2676008
Elon Musk:Tesla, SpaceX, and the Quest for a Fantastic Future: 4035148
Hunger Game 1: 5460708
Introduction to Algorithms: 6495626
The History of Hamburger: 3300239
Writing Code that Nobody Else Can Read: 5847093
------------------

---Search Result---
Introduction to Algorithms: 6495626
-------------------

---Library Info---
$EDYTGDIUYA&t8T78RE%^$R&: 2676008
Elon Musk:Tesla, SpaceX, and the Quest for a Fantastic Future: 4035148
Hunger Game 1: 5460708
Introduction to Algorithms: 6495626
The History of Hamburger: 3300239
Writing Code that Nobody Else Can Read: 5847093
------------------

---Library Info---
$EDYTGDIUYA&t8T78RE%^$R&: 2676008
Elon Musk:Tesla, SpaceX, and the Quest for a Fantastic Future: 4161236
Hunger Game 1: 5460708
Introduction to Algorithms: 6495626
The History of Hamburger: 4157378
Writing Code that Nobody Else Can Read: 5847093
------------------

---Search Result---
The History of Hamburger: 4157378
-------------------

---Library Info---
$EDYTGDIUYA&t8T78RE%^$R&: 2676008
Elon Musk:Tesla, SpaceX, and the Quest for a Fantastic Future: 4161236
Hunger Game 1: 5460708
Introduction to Algorithms: 6495626
The History of Hamburger: 4824519
Writing Code that Nobody Else Can Read: 6788270
------------------

---Library Info---
$EDYTGDIUYA&t8T78RE%^$R&: 2676008
Elon Musk:Tesla, SpaceX, and the Quest for a Fantastic Future: 4161236
Hunger Game 1: 5460708
Introduction to Algorithms: 6681332
The History of Hamburger: 4824519
Writing Code that Nobody Else Can Read: 6788270
------------------

---Library Info---
$EDYTGDIUYA&t8T78RE%^$R&: 2676008
Elon Musk:Tesla, SpaceX, and the Quest for a Fantastic Future: 4161236
Hunger Game 1: 5460708
Introduction to Algorithms: 6681332
The History of Hamburger: 4824519
Writing Code that Nobody Else Can Read: 6788270
------------------

---Search Result---
$EDYTGDIUYA&t8T78RE%^$R&: 2676008
-------------------

---Library Info---
$EDYTGDIUYA&t8T78RE%^$R&: 2676008
Elon Musk:Tesla, SpaceX, and the Quest for a Fantastic Future: 4161236
Hunger Game 1: 5460708
Introduction to Algorithms: 6681332
The History of Hamburger: 4824519
Writing Code that Nobody Else Can Read: 6788270
------------------

---Library Info---
$EDYTGDIUYA&t8T78RE%^$R&: 2676008
Elon Musk:Tesla, SpaceX, and the Quest for a Fantastic Future: 4161236
Hunger Game 1: 5460708
Introduction to Algorithms: 6681332
The History of Hamburger: 4824519
Writing Code that Nobody Else Can Read: 7569400
------------------

---Library Info---
$EDYTGDIUYA&t8T78RE%^$R&: 2676008
Elon Musk:Tesla, SpaceX, and the Quest for a Fantastic Future: 4161236
Hunger Game 1: 5460708
Introduction to Algorithms: 6681332
The History of Hamburger: 4824519
Writing Code that Nobody Else Can Read: 7569400
------------------

---Library Info---
$EDYTGDIUYA&t8T78RE%^$R&: 2676008
Elon Musk:Tesla, SpaceX, and the Quest for a Fantastic Future: 4161236
Hunger Game 1: 5460708
Introduction to Algorithms: 6681332
The History of Hamburger: 4824519
Writing Code that Nobody Else Can Read: 7569400
------------------

---Search Result---
Writing Code that Nobody Else Can Read: 7569400
-------------------

---Search Result---
Introduction to Algorithms: 6681332
-------------------

---Library Info---
$EDYTGDIUYA&t8T78RE%^$R&: 2676008
Elon Musk:Tesla, SpaceX, and the Quest for a Fantastic Future: 4161236
Hunger Game 1: 5460708
Introduction to Algorithms: 6681332
The History of Hamburger: 5798599
Writing Code that Nobody Else Can Read: 7569400
------------------

---Search Result---
The History of Hamburger: 5798599
-------------------

---Library Info---
$EDYTGDIUYA&t8T78RE%^$R&: 2676008
Elon Musk:Tesla, SpaceX, and the Quest for a Fantastic Future: 4161236
Hunger Game 1: 5460708
Introduction to Algorithms: 6681332
The History of Hamburger: 5798599
Writing Code that Nobody Else Can Read: 7904195
------------------

---Search Result---
Elon Musk:Tesla, SpaceX, and the Quest for a Fantastic Future: 4161236
-------------------

---Search Result---
Introduction to Algorithms: 6681332
Writing Code that Nobody Else Can Read: 7904195
-------------------

---Library Info---
$EDYTGDIUYA&t8T78RE%^$R&: 3488103
Elon Musk:Tesla, SpaceX, and the Quest for a Fantastic Future: 4161236
Hunger Game 1: 5460708
Introduction to Algorithms: 6681332
The History of Hamburger: 5798599
Writing Code that Nobody Else Can Read: 7904195
------------------

---Search Result---
$EDYTGDIUYA&t8T78RE%^$R&: 3488103
-------------------

---Library Info---
$EDYTGDIUYA&t8T78RE%^$R&: 3488103
Elon Musk:Tesla, SpaceX, and the Quest for a Fantastic Future: 4161236
Hunger Game 1: 5460708
Introduction to Algorithms: 6681332
The History of Hamburger: 5798599
Writing Code that Nobody Else Can Read: 8871264
------------------

---Search Result---
Writing Code that Nobody Else Can Read: 8871264
-------------------

---Library Info---
$EDYTGDIUYA&t8T78RE%^$R&: 3488103
Elon Musk:Tesla, SpaceX, and the Quest for a Fantastic Future: 4161236
Hunger Game 1: 5460708
Introduction to Algorithms: 6681332
The History of Hamburger: 5798599
Writing Code that Nobody Else Can Read: 9651684
------------------

---Library Info---
$EDYTGDIUYA&t8T78RE%^$R&: 3488103
Elon Musk:Tesla, SpaceX, and the Quest for a Fantastic Future: 4161236
Hunger Game 1: 5460708
Introduction to Algorithms: 6681332
The History of Hamburger: 5798599
Writing Code that Nobody Else Can Read: 9651684
------------------

---Search Result---
Introduction to Algorithms: 6681332
Writing Code that Nobody Else Can Read: 9651684
-------------------

---Search Result---
Introduction to Algorithms: 6681332
-------------------

---Library Info---
$EDYTGDIUYA&t8T78RE%^$R&: 3488103
Elon Musk:Tesla, SpaceX, and the Quest for a Fantastic Future: 4161236
Hunger Game 1: 5460708
Introduction to Algorithms: 6681332
The History of Hamburger: 5798599
Writing Code that Nobody Else Can Read: 9651684
------------------

---Search Result---
Elon Musk:Tesla, SpaceX, and the Quest for a Fantastic Future: 4161236
-------------------

Have a nice day!
