---Add Member---
You can borrow at most 7 books.
----------------

---Add Member---
You can borrow at most 3 books.
----------------

---Add Member---
You can borrow at most 5 books.
----------------

---Borrow Book---
['Calculus: Early Transcendentals 8th']
-----------------

---Borrow Book---
['The Old Man and the Sea']
-----------------

---Borrow Book---
['Harry Potter and the Sorcerer¡¦s Stone']
-----------------

---Library Info---
Calculus: Early Transcendentals 8th: 5/6
Harry Potter and the Sorcerer¡¦s Stone: 2/3
The Old Man and the Sea: 4/5
------------------

---Search Result---
Harry Potter and the Sorcerer¡¦s Stone: 2/3
The Old Man and the Sea: 4/5
-------------------

Have a nice day!
