---Add Member---
You can borrow at most 7 books.
----------------

---Add Member---
You can borrow at most 5 books.
----------------

---Borrow Book---
['The History of Hamberger']
-----------------

---Borrow Book---
You are not our member!
-----------------

---Borrow Book---
Sorry! No enough books for you!
-----------------

---Return Book---
This book does not belong here or you did not borrow it!
-----------------

---Return Book---
[]
-----------------

---Library Info---
The History of Hamberger: 1/1
------------------

Have a nice day!
