
        goal keeper for A & B
Martinez      93.0 | Livakovic     93.0
defence :  2 0 0 0 1 |1 2 1 0 0 

          players for A & B
Messi         98.0 0 | Barisic       94.0 1
Di_Maria      94.0 2 | Lovren        93.0 0
Alvarez       92.0 2 | Kovacic       92.0 0
Dybala        89.0 2 | Caleta_Car    91.0 1
Paredes       88.0 1 | Modric        89.0 1

Messi Goal!
Barisic Goal!
After 1 round, the score is 1:1

Di_Maria Goal!
Lovren Get Blocked!
After 2 round, the score is 2:1

Alvarez Goal!
Kovacic Get Blocked!
After 3 round, the score is 3:1

Dybala Goal!
Argentina 4:1 win!
