---Library Info---
The History of Hamburger: 159635/159635
------------------

---Search Result---
Not Found!
-------------------

---Search Result---
Not Found!
-------------------

---Add Member---
You can borrow at most 7 books.
----------------

---Add Member---
You can borrow at most 7 books.
----------------

---Add Member---
You can borrow at most 7 books.
----------------

---Add Member---
You can borrow at most 7 books.
----------------

---Search Result---
Writing Code that Nobody Else Can Read: 273312/273312
-------------------

---Library Info---
Elon Musk:Tesla, SpaceX, and the Quest for a Fantastic Future: 219733/219733
Hunger Game 1: 35933/35933
The History of Hamburger: 159635/159635
Writing Code that Nobody Else Can Read: 273312/273312
------------------

---Library Info---
Elon Musk:Tesla, SpaceX, and the Quest for a Fantastic Future: 219733/219733
Hunger Game 1: 35933/35933
Introduction to Algorithms: 960564/960564
The History of Hamburger: 159635/159635
Writing Code that Nobody Else Can Read: 273312/273312
------------------

---Search Result---
Writing Code that Nobody Else Can Read: 273312/273312
-------------------

---Library Info---
ABC: 2/2
Elon Musk:Tesla, SpaceX, and the Quest for a Fantastic Future: 219733/219733
Hunger Game 1: 35933/35933
Introduction to Algorithms: 960564/960564
The History of Hamburger: 159635/159635
Writing Code that Nobody Else Can Read: 273312/273312
------------------

---Library Info---
ABC: 2/2
Elon Musk:Tesla, SpaceX, and the Quest for a Fantastic Future: 219733/219733
Hunger Game 1: 35933/35933
Introduction to Algorithms: 960564/960564
The History of Hamburger: 159635/159635
Writing Code that Nobody Else Can Read: 273312/273312
------------------

---Search Result---
Introduction to Algorithms: 960564/960564
-------------------

---Search Result---
Writing Code that Nobody Else Can Read: 273312/273312
-------------------

---Search Result---
Elon Musk:Tesla, SpaceX, and the Quest for a Fantastic Future: 219733/219733
-------------------

---Library Info---
$EDYTGDIUYA&t8T78RE%^$R&: 551294/551294
ABC: 2/2
Elon Musk:Tesla, SpaceX, and the Quest for a Fantastic Future: 219733/219733
Hunger Game 1: 35933/35933
Introduction to Algorithms: 960564/960564
The History of Hamburger: 159635/159635
Writing Code that Nobody Else Can Read: 273312/273312
------------------

---Library Info---
$EDYTGDIUYA&t8T78RE%^$R&: 551294/551294
ABC: 2/2
Elon Musk:Tesla, SpaceX, and the Quest for a Fantastic Future: 219733/219733
Hunger Game 1: 35933/35933
Introduction to Algorithms: 960564/960564
The History of Hamburger: 159635/159635
Writing Code that Nobody Else Can Read: 273312/273312
------------------

---Library Info---
$EDYTGDIUYA&t8T78RE%^$R&: 551294/551294
ABC: 2/2
Elon Musk:Tesla, SpaceX, and the Quest for a Fantastic Future: 219733/219733
Hunger Game 1: 35933/35933
Introduction to Algorithms: 1902872/1902872
The History of Hamburger: 159635/159635
Writing Code that Nobody Else Can Read: 273312/273312
------------------

---Search Result---
Introduction to Algorithms: 1902872/1902872
Writing Code that Nobody Else Can Read: 273312/273312
-------------------

---Search Result---
Writing Code that Nobody Else Can Read: 273312/273312
-------------------

---Library Info---
$EDYTGDIUYA&t8T78RE%^$R&: 551294/551294
ABC: 2/2
Elon Musk:Tesla, SpaceX, and the Quest for a Fantastic Future: 1114141/1114141
Hunger Game 1: 94819/94819
Introduction to Algorithms: 1902872/1902872
The History of Hamburger: 159635/159635
Writing Code that Nobody Else Can Read: 273312/273312
------------------

---Search Result---
Introduction to Algorithms: 1902872/1902872
-------------------

---Library Info---
$EDYTGDIUYA&t8T78RE%^$R&: 551294/551294
ABC: 2/2
Elon Musk:Tesla, SpaceX, and the Quest for a Fantastic Future: 1372947/1372947
Hunger Game 1: 1027833/1027833
Introduction to Algorithms: 2879534/2879534
The History of Hamburger: 159635/159635
Writing Code that Nobody Else Can Read: 1086292/1086292
------------------

---Add Member---
You can borrow at most 7 books.
----------------

---Add Member---
You can borrow at most 5 books.
----------------

---Add Member---
You can borrow at most 5 books.
----------------

---Add Member---
You can borrow at most 5 books.
----------------

---Add Member---
You can borrow at most 3 books.
----------------

---Search Result---
Hunger Game 1: 1027833/1027833
-------------------

---Search Result---
The History of Hamburger: 159635/159635
-------------------

---Library Info---
$EDYTGDIUYA&t8T78RE%^$R&: 551294/551294
ABC: 2/2
DEF: 2/2
Elon Musk:Tesla, SpaceX, and the Quest for a Fantastic Future: 1372947/1372947
Hunger Game 1: 1027833/1027833
Introduction to Algorithms: 2879534/2879534
The History of Hamburger: 159635/159635
Writing Code that Nobody Else Can Read: 1086292/1086292
------------------

---Search Result---
Writing Code that Nobody Else Can Read: 1086292/1086292
-------------------

---Library Info---
$EDYTGDIUYA&t8T78RE%^$R&: 551294/551294
ABC: 2/2
DEF: 2/2
Elon Musk:Tesla, SpaceX, and the Quest for a Fantastic Future: 1372947/1372947
Hunger Game 1: 3129021/3129021
Introduction to Algorithms: 2879534/2879534
The History of Hamburger: 159635/159635
Writing Code that Nobody Else Can Read: 1086292/1086292
------------------

---Library Info---
$EDYTGDIUYA&t8T78RE%^$R&: 551294/551294
ABC: 2/2
DEF: 2/2
Elon Musk:Tesla, SpaceX, and the Quest for a Fantastic Future: 1372947/1372947
Hunger Game 1: 3608559/3608559
Introduction to Algorithms: 2879534/2879534
The History of Hamburger: 159635/159635
Writing Code that Nobody Else Can Read: 1086292/1086292
------------------

---Library Info---
$EDYTGDIUYA&t8T78RE%^$R&: 551294/551294
ABC: 2/2
DEF: 2/2
Elon Musk:Tesla, SpaceX, and the Quest for a Fantastic Future: 1372947/1372947
Hunger Game 1: 3608559/3608559
Introduction to Algorithms: 2879534/2879534
The History of Hamburger: 159635/159635
Writing Code that Nobody Else Can Read: 1086292/1086292
------------------

---Borrow Book---
['Hunger Game 1']
-----------------

---Borrow Book---
['Introduction to Algorithms']
-----------------

---Library Info---
$EDYTGDIUYA&t8T78RE%^$R&: 551294/551294
ABC: 2/2
DEF: 2/2
Elon Musk:Tesla, SpaceX, and the Quest for a Fantastic Future: 1372947/1372947
Hunger Game 1: 3608558/3608559
Introduction to Algorithms: 2879533/2879534
The History of Hamburger: 159635/159635
Writing Code that Nobody Else Can Read: 1086292/1086292
------------------

---Library Info---
$EDYTGDIUYA&t8T78RE%^$R&: 551294/551294
ABC: 2/2
DEF: 2/2
Elon Musk:Tesla, SpaceX, and the Quest for a Fantastic Future: 1372947/1372947
Hunger Game 1: 3608558/3608559
Introduction to Algorithms: 2879533/2879534
The History of Hamburger: 159635/159635
Writing Code that Nobody Else Can Read: 1086292/1086292
------------------

---Library Info---
$EDYTGDIUYA&t8T78RE%^$R&: 551294/551294
ABC: 2/2
DEF: 2/2
Elon Musk:Tesla, SpaceX, and the Quest for a Fantastic Future: 1372947/1372947
Hunger Game 1: 3608558/3608559
Introduction to Algorithms: 2879533/2879534
The History of Hamburger: 159635/159635
Writing Code that Nobody Else Can Read: 1086292/1086292
------------------

---Library Info---
$EDYTGDIUYA&t8T78RE%^$R&: 551294/551294
ABC: 2/2
DEF: 2/2
Elon Musk:Tesla, SpaceX, and the Quest for a Fantastic Future: 1372947/1372947
GHI: 2/2
Hunger Game 1: 3608558/3608559
Introduction to Algorithms: 2879533/2879534
The History of Hamburger: 159635/159635
Writing Code that Nobody Else Can Read: 1086292/1086292
------------------

---Library Info---
$EDYTGDIUYA&t8T78RE%^$R&: 551294/551294
ABC: 2/2
DEF: 2/2
Elon Musk:Tesla, SpaceX, and the Quest for a Fantastic Future: 1372947/1372947
GHI: 2/2
Hunger Game 1: 3608558/3608559
Introduction to Algorithms: 2879533/2879534
The History of Hamburger: 159635/159635
Writing Code that Nobody Else Can Read: 1086292/1086292
------------------

---Borrow Book---
['Introduction to Algorithms', 'The History of Hamburger']
-----------------

---Borrow Book---
['Introduction to Algorithms', 'The History of Hamburger', 'The History of Hamburger']
-----------------

---Borrow Book---
['Introduction to Algorithms', 'The History of Hamburger', 'The History of Hamburger', 'The History of Hamburger']
-----------------

---Borrow Book---
['Introduction to Algorithms', 'The History of Hamburger', 'The History of Hamburger', 'The History of Hamburger', 'The History of Hamburger']
-----------------

---Borrow Book---
Sorry! You can not borrow more books!
-----------------

---Borrow Book---
Sorry! You can not borrow more books!
-----------------

---Library Info---
$EDYTGDIUYA&t8T78RE%^$R&: 551294/551294
ABC: 2/2
DEF: 2/2
Elon Musk:Tesla, SpaceX, and the Quest for a Fantastic Future: 1372947/1372947
GHI: 2/2
Hunger Game 1: 3608558/3608559
Introduction to Algorithms: 2879533/2879534
The History of Hamburger: 159631/159635
Writing Code that Nobody Else Can Read: 1086292/1086292
------------------

---Search Result---
Writing Code that Nobody Else Can Read: 1086292/1086292
-------------------

---Library Info---
$EDYTGDIUYA&t8T78RE%^$R&: 551294/551294
ABC: 2/2
DEF: 2/2
Elon Musk:Tesla, SpaceX, and the Quest for a Fantastic Future: 1372947/1372947
GHI: 2/2
Hunger Game 1: 3608558/3608559
Introduction to Algorithms: 3594107/3594108
The History of Hamburger: 159631/159635
Writing Code that Nobody Else Can Read: 1396377/1396377
------------------

---Search Result---
Introduction to Algorithms: 3594107/3594108
Writing Code that Nobody Else Can Read: 1396377/1396377
-------------------

---Search Result---
The History of Hamburger: 159631/159635
-------------------

---Library Info---
$EDYTGDIUYA&t8T78RE%^$R&: 551294/551294
ABC: 2/2
DEF: 2/2
Elon Musk:Tesla, SpaceX, and the Quest for a Fantastic Future: 1372947/1372947
GHI: 2/2
Hunger Game 1: 3608558/3608559
Introduction to Algorithms: 3594107/3594108
The History of Hamburger: 159631/159635
Writing Code that Nobody Else Can Read: 2329199/2329199
------------------

---Search Result---
$EDYTGDIUYA&t8T78RE%^$R&: 551294/551294
-------------------

---Library Info---
$EDYTGDIUYA&t8T78RE%^$R&: 551294/551294
ABC: 2/2
DEF: 2/2
Elon Musk:Tesla, SpaceX, and the Quest for a Fantastic Future: 1372947/1372947
GHI: 2/2
Hunger Game 1: 3608558/3608559
Introduction to Algorithms: 3594107/3594108
The History of Hamburger: 159631/159635
Writing Code that Nobody Else Can Read: 2329199/2329199
------------------

---Library Info---
$EDYTGDIUYA&t8T78RE%^$R&: 551294/551294
ABC: 2/2
DEF: 2/2
Elon Musk:Tesla, SpaceX, and the Quest for a Fantastic Future: 1372947/1372947
GHI: 2/2
Hunger Game 1: 3608558/3608559
Introduction to Algorithms: 3594107/3594108
The History of Hamburger: 159631/159635
Writing Code that Nobody Else Can Read: 2329199/2329199
------------------

---Add Member---
You can borrow at most 7 books.
----------------

---Borrow Book---
['a']
-----------------

---Borrow Book---
['a', 'a']
-----------------

---Borrow Book---
['a', 'a', 'a']
-----------------

---Borrow Book---
['a', 'a', 'a', 'a']
-----------------

---Borrow Book---
['a', 'a', 'a', 'a', 'a']
-----------------

---Borrow Book---
['a', 'a', 'a', 'a', 'a', 'a']
-----------------

---Borrow Book---
['a', 'a', 'a', 'a', 'a', 'a', 'a']
-----------------

---Borrow Book---
Sorry! You can not borrow more books!
-----------------

---Return Book---
['a', 'a', 'a', 'a', 'a', 'a']
-----------------

---Return Book---
['a', 'a', 'a', 'a', 'a']
-----------------

---Return Book---
['a', 'a', 'a', 'a']
-----------------

---Return Book---
['a', 'a', 'a']
-----------------

---Return Book---
['a', 'a']
-----------------

---Library Info---
$EDYTGDIUYA&t8T78RE%^$R&: 551294/551294
ABC: 2/2
DEF: 2/2
Elon Musk:Tesla, SpaceX, and the Quest for a Fantastic Future: 1372947/1372947
GHI: 2/2
Hunger Game 1: 3608558/3608559
Introduction to Algorithms: 3594107/3594108
The History of Hamburger: 159631/159635
Writing Code that Nobody Else Can Read: 2329199/2329199
a: 298/300
------------------

---Library Info---
$EDYTGDIUYA&t8T78RE%^$R&: 551294/551294
ABC: 2/2
DEF: 2/2
Elon Musk:Tesla, SpaceX, and the Quest for a Fantastic Future: 1372947/1372947
GHI: 2/2
Hunger Game 1: 3608558/3608559
Introduction to Algorithms: 3594107/3594108
The History of Hamburger: 159631/159635
Writing Code that Nobody Else Can Read: 2329199/2329199
a: 298/300
------------------

---Search Result---
Elon Musk:Tesla, SpaceX, and the Quest for a Fantastic Future: 1372947/1372947
-------------------

---Library Info---
$EDYTGDIUYA&t8T78RE%^$R&: 551294/551294
ABC: 2/2
DEF: 2/2
Elon Musk:Tesla, SpaceX, and the Quest for a Fantastic Future: 1372947/1372947
GHI: 2/2
Hunger Game 1: 3608558/3608559
Introduction to Algorithms: 3594107/3594108
The History of Hamburger: 159631/159635
Writing Code that Nobody Else Can Read: 2841338/2841338
a: 298/300
------------------

---Library Info---
$EDYTGDIUYA&t8T78RE%^$R&: 551294/551294
ABC: 2/2
DEF: 2/2
Elon Musk:Tesla, SpaceX, and the Quest for a Fantastic Future: 1372947/1372947
GHI: 2/2
Hunger Game 1: 3608558/3608559
Introduction to Algorithms: 3594107/3594108
The History of Hamburger: 159631/159635
Writing Code that Nobody Else Can Read: 2841338/2841338
a: 298/300
------------------

---Search Result---
The History of Hamburger: 159631/159635
-------------------

---Library Info---
$EDYTGDIUYA&t8T78RE%^$R&: 551294/551294
ABC: 2/2
DEF: 2/2
Elon Musk:Tesla, SpaceX, and the Quest for a Fantastic Future: 1372947/1372947
GHI: 2/2
Hunger Game 1: 3608558/3608559
Introduction to Algorithms: 3594107/3594108
The History of Hamburger: 159631/159635
Writing Code that Nobody Else Can Read: 2841338/2841338
a: 298/300
------------------

---Search Result---
Introduction to Algorithms: 3594107/3594108
Writing Code that Nobody Else Can Read: 2841338/2841338
-------------------

---Library Info---
$EDYTGDIUYA&t8T78RE%^$R&: 551294/551294
ABC: 2/2
DEF: 2/2
Elon Musk:Tesla, SpaceX, and the Quest for a Fantastic Future: 1372947/1372947
GHI: 2/2
Hunger Game 1: 3608558/3608559
Introduction to Algorithms: 3594107/3594108
The History of Hamburger: 159631/159635
Writing Code that Nobody Else Can Read: 2841338/2841338
a: 298/300
------------------

---Return Book---
You are not our member!
-----------------

---Search Result---
Writing Code that Nobody Else Can Read: 3231576/3231576
-------------------

---Library Info---
$EDYTGDIUYA&t8T78RE%^$R&: 1247515/1247515
ABC: 2/2
DEF: 2/2
Elon Musk:Tesla, SpaceX, and the Quest for a Fantastic Future: 1372947/1372947
GHI: 2/2
Hunger Game 1: 3608558/3608559
Introduction to Algorithms: 4285959/4285960
The History of Hamburger: 159631/159635
Writing Code that Nobody Else Can Read: 3231576/3231576
a: 298/300
------------------

---Return Book---
This book does not belong here or you did not borrow it!
-----------------

---Library Info---
$EDYTGDIUYA&t8T78RE%^$R&: 1247515/1247515
ABC: 2/2
DEF: 2/2
Elon Musk:Tesla, SpaceX, and the Quest for a Fantastic Future: 1372947/1372947
GHI: 2/2
Hunger Game 1: 3608558/3608559
Introduction to Algorithms: 4285959/4285960
The History of Hamburger: 159631/159635
Writing Code that Nobody Else Can Read: 3231576/3231576
a: 298/300
------------------

---Search Result---
The History of Hamburger: 159631/159635
-------------------

---Library Info---
$EDYTGDIUYA&t8T78RE%^$R&: 1247515/1247515
ABC: 2/2
DEF: 2/2
Elon Musk:Tesla, SpaceX, and the Quest for a Fantastic Future: 1372947/1372947
GHI: 2/2
Hunger Game 1: 3608558/3608559
Introduction to Algorithms: 4285959/4285960
The History of Hamburger: 1068637/1068641
Writing Code that Nobody Else Can Read: 3363911/3363911
a: 298/300
------------------

---Search Result---
The History of Hamburger: 1738411/1738415
-------------------

---Search Result---
Writing Code that Nobody Else Can Read: 3363911/3363911
-------------------

---Add Member---
You can borrow at most 3 books.
----------------

---Add Member---
You can borrow at most 3 books.
----------------

---Library Info---
$EDYTGDIUYA&t8T78RE%^$R&: 1247515/1247515
ABC: 2/2
DEF: 2/2
Elon Musk:Tesla, SpaceX, and the Quest for a Fantastic Future: 1372947/1372947
GHI: 2/2
Hunger Game 1: 3608558/3608559
II: 2/2
Introduction to Algorithms: 4285959/4285960
The History of Hamburger: 1738411/1738415
Writing Code that Nobody Else Can Read: 3363911/3363911
a: 298/300
------------------

---Library Info---
$EDYTGDIUYA&t8T78RE%^$R&: 1247515/1247515
ABC: 2/2
DEF: 2/2
Elon Musk:Tesla, SpaceX, and the Quest for a Fantastic Future: 1372947/1372947
GHI: 2/2
Hunger Game 1: 3608558/3608559
II: 2/2
Introduction to Algorithms: 4285959/4285960
The History of Hamburger: 1738411/1738415
Writing Code that Nobody Else Can Read: 3363911/3363911
a: 298/300
------------------

---Borrow Book---
['II']
-----------------

---Return Book---
You are not our member!
-----------------

---Library Info---
$EDYTGDIUYA&t8T78RE%^$R&: 1385743/1385743
ABC: 2/2
DEF: 2/2
Elon Musk:Tesla, SpaceX, and the Quest for a Fantastic Future: 1372947/1372947
GHI: 2/2
Hunger Game 1: 3608558/3608559
II: 1/2
Introduction to Algorithms: 4285959/4285960
The History of Hamburger: 1738411/1738415
Writing Code that Nobody Else Can Read: 3988406/3988406
a: 298/300
------------------

---Library Info---
$EDYTGDIUYA&t8T78RE%^$R&: 1385743/1385743
ABC: 2/2
DEF: 2/2
Elon Musk:Tesla, SpaceX, and the Quest for a Fantastic Future: 1372947/1372947
GHI: 2/2
Hunger Game 1: 3608558/3608559
II: 1/2
Introduction to Algorithms: 4285959/4285960
The History of Hamburger: 1738411/1738415
Writing Code that Nobody Else Can Read: 3988406/3988406
a: 298/300
------------------

---Borrow Book---
['II', 'II']
-----------------

---Search Result---
Writing Code that Nobody Else Can Read: 3988406/3988406
-------------------

---Library Info---
$EDYTGDIUYA&t8T78RE%^$R&: 1385743/1385743
ABC: 2/2
DEF: 2/2
Elon Musk:Tesla, SpaceX, and the Quest for a Fantastic Future: 2223809/2223809
GHI: 2/2
Hunger Game 1: 3608558/3608559
II: 0/2
Introduction to Algorithms: 4285959/4285960
The History of Hamburger: 1738411/1738415
Writing Code that Nobody Else Can Read: 3988406/3988406
a: 298/300
------------------

---Search Result---
Introduction to Algorithms: 4285959/4285960
Writing Code that Nobody Else Can Read: 3988406/3988406
-------------------

---Library Info---
$EDYTGDIUYA&t8T78RE%^$R&: 1385743/1385743
ABC: 2/2
DEF: 2/2
Elon Musk:Tesla, SpaceX, and the Quest for a Fantastic Future: 2223809/2223809
GHI: 2/2
Hunger Game 1: 3608558/3608559
II: 0/2
Introduction to Algorithms: 4285959/4285960
The History of Hamburger: 1738411/1738415
Writing Code that Nobody Else Can Read: 3988406/3988406
a: 298/300
------------------

---Library Info---
$EDYTGDIUYA&t8T78RE%^$R&: 1385743/1385743
ABC: 2/2
DEF: 2/2
Elon Musk:Tesla, SpaceX, and the Quest for a Fantastic Future: 2223809/2223809
GHI: 2/2
Hunger Game 1: 3608558/3608559
II: 0/2
Introduction to Algorithms: 4285959/4285960
The History of Hamburger: 1738411/1738415
Writing Code that Nobody Else Can Read: 3988406/3988406
a: 298/300
------------------

---Return Book---
This book does not belong here or you did not borrow it!
-----------------

---Library Info---
$EDYTGDIUYA&t8T78RE%^$R&: 1385743/1385743
ABC: 2/2
DEF: 2/2
Elon Musk:Tesla, SpaceX, and the Quest for a Fantastic Future: 2223809/2223809
GHI: 2/2
Hunger Game 1: 3608558/3608559
II: 0/2
Introduction to Algorithms: 4285959/4285960
The History of Hamburger: 1738411/1738415
Writing Code that Nobody Else Can Read: 3988406/3988406
a: 298/300
------------------

---Library Info---
$EDYTGDIUYA&t8T78RE%^$R&: 1385743/1385743
ABC: 2/2
DEF: 2/2
Elon Musk:Tesla, SpaceX, and the Quest for a Fantastic Future: 2223809/2223809
GHI: 2/2
Hunger Game 1: 3608558/3608559
II: 0/2
Introduction to Algorithms: 5117183/5117184
The History of Hamburger: 1738411/1738415
Writing Code that Nobody Else Can Read: 4326898/4326898
a: 298/300
------------------

---Library Info---
$EDYTGDIUYA&t8T78RE%^$R&: 1385743/1385743
ABC: 2/2
DEF: 2/2
Elon Musk:Tesla, SpaceX, and the Quest for a Fantastic Future: 2968972/2968972
GHI: 2/2
Hunger Game 1: 4519931/4519932
II: 0/2
Introduction to Algorithms: 5117183/5117184
The History of Hamburger: 1738411/1738415
Writing Code that Nobody Else Can Read: 4326898/4326898
a: 298/300
------------------

---Search Result---
Hunger Game 1: 4519931/4519932
-------------------

---Return Book---
This book does not belong here or you did not borrow it!
-----------------

---Library Info---
$EDYTGDIUYA&t8T78RE%^$R&: 1385743/1385743
ABC: 2/2
DEF: 2/2
Elon Musk:Tesla, SpaceX, and the Quest for a Fantastic Future: 2968972/2968972
GHI: 2/2
Hunger Game 1: 4519931/4519932
II: 0/2
Introduction to Algorithms: 5117183/5117184
The History of Hamburger: 1738411/1738415
Writing Code that Nobody Else Can Read: 4396865/4396865
a: 298/300
------------------

---Library Info---
$EDYTGDIUYA&t8T78RE%^$R&: 1385743/1385743
ABC: 2/2
DEF: 2/2
Elon Musk:Tesla, SpaceX, and the Quest for a Fantastic Future: 2968972/2968972
GHI: 2/2
Hunger Game 1: 4981397/4981398
II: 0/2
Introduction to Algorithms: 5117183/5117184
The History of Hamburger: 1738411/1738415
Writing Code that Nobody Else Can Read: 4396865/4396865
a: 298/300
------------------

---Search Result---
Writing Code that Nobody Else Can Read: 4396865/4396865
-------------------

---Library Info---
$EDYTGDIUYA&t8T78RE%^$R&: 2136077/2136077
ABC: 2/2
DEF: 2/2
Elon Musk:Tesla, SpaceX, and the Quest for a Fantastic Future: 2968972/2968972
GHI: 2/2
Hunger Game 1: 4981397/4981398
II: 0/2
Introduction to Algorithms: 5117183/5117184
The History of Hamburger: 1738411/1738415
Writing Code that Nobody Else Can Read: 4396865/4396865
a: 298/300
------------------

---Search Result---
Introduction to Algorithms: 5117183/5117184
-------------------

---Library Info---
$EDYTGDIUYA&t8T78RE%^$R&: 2653292/2653292
ABC: 2/2
DEF: 2/2
Elon Musk:Tesla, SpaceX, and the Quest for a Fantastic Future: 2968972/2968972
GHI: 2/2
Hunger Game 1: 4981397/4981398
II: 0/2
Introduction to Algorithms: 5794974/5794975
The History of Hamburger: 1738411/1738415
Writing Code that Nobody Else Can Read: 4396865/4396865
a: 298/300
------------------

---Library Info---
$EDYTGDIUYA&t8T78RE%^$R&: 2653292/2653292
ABC: 2/2
DEF: 2/2
Elon Musk:Tesla, SpaceX, and the Quest for a Fantastic Future: 3624023/3624023
GHI: 2/2
Hunger Game 1: 4981397/4981398
II: 0/2
Introduction to Algorithms: 5794974/5794975
The History of Hamburger: 1738411/1738415
Writing Code that Nobody Else Can Read: 4396865/4396865
a: 298/300
------------------

---Search Result---
Introduction to Algorithms: 5794974/5794975
-------------------

---Library Info---
$EDYTGDIUYA&t8T78RE%^$R&: 2653292/2653292
ABC: 2/2
DEF: 2/2
Elon Musk:Tesla, SpaceX, and the Quest for a Fantastic Future: 3624023/3624023
GHI: 2/2
Hunger Game 1: 4981397/4981398
II: 0/2
Introduction to Algorithms: 5794974/5794975
The History of Hamburger: 1738411/1738415
Writing Code that Nobody Else Can Read: 4396865/4396865
a: 298/300
------------------

---Library Info---
$EDYTGDIUYA&t8T78RE%^$R&: 2653292/2653292
ABC: 2/2
DEF: 2/2
Elon Musk:Tesla, SpaceX, and the Quest for a Fantastic Future: 3624023/3624023
GHI: 2/2
Hunger Game 1: 4981397/4981398
II: 0/2
Introduction to Algorithms: 5794974/5794975
The History of Hamburger: 1738411/1738415
Writing Code that Nobody Else Can Read: 4396865/4396865
a: 298/300
------------------

---Search Result---
Writing Code that Nobody Else Can Read: 4884591/4884591
-------------------

---Search Result---
$EDYTGDIUYA&t8T78RE%^$R&: 2653292/2653292
-------------------

---Library Info---
$EDYTGDIUYA&t8T78RE%^$R&: 2653292/2653292
ABC: 2/2
DEF: 2/2
Elon Musk:Tesla, SpaceX, and the Quest for a Fantastic Future: 3624023/3624023
GHI: 2/2
Hunger Game 1: 4981397/4981398
II: 0/2
Introduction to Algorithms: 5794974/5794975
The History of Hamburger: 2310564/2310568
Writing Code that Nobody Else Can Read: 4884591/4884591
a: 298/300
------------------

---Library Info---
$EDYTGDIUYA&t8T78RE%^$R&: 2653292/2653292
ABC: 2/2
DEF: 2/2
Elon Musk:Tesla, SpaceX, and the Quest for a Fantastic Future: 3624023/3624023
GHI: 2/2
Hunger Game 1: 4981397/4981398
II: 0/2
Introduction to Algorithms: 5794974/5794975
The History of Hamburger: 2310564/2310568
Writing Code that Nobody Else Can Read: 4884591/4884591
a: 298/300
------------------

---Library Info---
$EDYTGDIUYA&t8T78RE%^$R&: 2653292/2653292
ABC: 2/2
DEF: 2/2
Elon Musk:Tesla, SpaceX, and the Quest for a Fantastic Future: 3624023/3624023
GHI: 2/2
Hunger Game 1: 4981397/4981398
II: 0/2
Introduction to Algorithms: 5794974/5794975
The History of Hamburger: 2310564/2310568
Writing Code that Nobody Else Can Read: 4884591/4884591
a: 298/300
------------------

---Search Result---
Writing Code that Nobody Else Can Read: 4884591/4884591
-------------------

---Search Result---
$EDYTGDIUYA&t8T78RE%^$R&: 2653292/2653292
-------------------

---Search Result---
Writing Code that Nobody Else Can Read: 4884591/4884591
-------------------

---Library Info---
$EDYTGDIUYA&t8T78RE%^$R&: 2653292/2653292
ABC: 2/2
DEF: 2/2
Elon Musk:Tesla, SpaceX, and the Quest for a Fantastic Future: 4035148/4035148
GHI: 2/2
Hunger Game 1: 4981397/4981398
II: 0/2
Introduction to Algorithms: 6495625/6495626
The History of Hamburger: 2310564/2310568
Writing Code that Nobody Else Can Read: 4897641/4897641
a: 298/300
------------------

---Library Info---
$EDYTGDIUYA&t8T78RE%^$R&: 2653292/2653292
ABC: 2/2
DEF: 2/2
Elon Musk:Tesla, SpaceX, and the Quest for a Fantastic Future: 4035148/4035148
GHI: 2/2
Hunger Game 1: 4981397/4981398
II: 0/2
Introduction to Algorithms: 6495625/6495626
The History of Hamburger: 2310564/2310568
Writing Code that Nobody Else Can Read: 4897641/4897641
a: 298/300
------------------

---Search Result---
Writing Code that Nobody Else Can Read: 4897641/4897641
-------------------

---Search Result---
$EDYTGDIUYA&t8T78RE%^$R&: 2653292/2653292
-------------------

---Library Info---
$EDYTGDIUYA&t8T78RE%^$R&: 2653292/2653292
ABC: 2/2
DEF: 2/2
Elon Musk:Tesla, SpaceX, and the Quest for a Fantastic Future: 4035148/4035148
GHI: 2/2
Hunger Game 1: 5460707/5460708
II: 0/2
Introduction to Algorithms: 6495625/6495626
The History of Hamburger: 3048195/3048199
Writing Code that Nobody Else Can Read: 4897641/4897641
a: 298/300
------------------

---Search Result---
The History of Hamburger: 3048195/3048199
-------------------

---Library Info---
$EDYTGDIUYA&t8T78RE%^$R&: 2676008/2676008
ABC: 2/2
DEF: 2/2
Elon Musk:Tesla, SpaceX, and the Quest for a Fantastic Future: 4035148/4035148
GHI: 2/2
Hunger Game 1: 5460707/5460708
II: 0/2
Introduction to Algorithms: 6495625/6495626
The History of Hamburger: 3048195/3048199
Writing Code that Nobody Else Can Read: 5557837/5557837
a: 298/300
------------------

---Library Info---
$EDYTGDIUYA&t8T78RE%^$R&: 2676008/2676008
ABC: 2/2
DEF: 2/2
Elon Musk:Tesla, SpaceX, and the Quest for a Fantastic Future: 4035148/4035148
GHI: 2/2
Hunger Game 1: 5460707/5460708
II: 0/2
Introduction to Algorithms: 6495625/6495626
The History of Hamburger: 3048195/3048199
Writing Code that Nobody Else Can Read: 5557837/5557837
a: 298/300
------------------

---Library Info---
$EDYTGDIUYA&t8T78RE%^$R&: 2676008/2676008
ABC: 2/2
DEF: 2/2
Elon Musk:Tesla, SpaceX, and the Quest for a Fantastic Future: 4035148/4035148
GHI: 2/2
Hunger Game 1: 5460707/5460708
II: 0/2
Introduction to Algorithms: 6495625/6495626
The History of Hamburger: 3048195/3048199
Writing Code that Nobody Else Can Read: 5557837/5557837
a: 298/300
------------------

---Search Result---
Introduction to Algorithms: 6495625/6495626
Writing Code that Nobody Else Can Read: 5557837/5557837
-------------------

---Library Info---
$EDYTGDIUYA&t8T78RE%^$R&: 2676008/2676008
ABC: 2/2
DEF: 2/2
Elon Musk:Tesla, SpaceX, and the Quest for a Fantastic Future: 4035148/4035148
GHI: 2/2
Hunger Game 1: 5460707/5460708
II: 0/2
Introduction to Algorithms: 6495625/6495626
The History of Hamburger: 3048195/3048199
Writing Code that Nobody Else Can Read: 5557837/5557837
a: 298/300
------------------

---Search Result---
The History of Hamburger: 3048195/3048199
-------------------

---Library Info---
$EDYTGDIUYA&t8T78RE%^$R&: 2676008/2676008
ABC: 2/2
DEF: 2/2
Elon Musk:Tesla, SpaceX, and the Quest for a Fantastic Future: 4035148/4035148
GHI: 2/2
Hunger Game 1: 5460707/5460708
II: 0/2
Introduction to Algorithms: 6495625/6495626
The History of Hamburger: 3048195/3048199
Writing Code that Nobody Else Can Read: 5557837/5557837
a: 298/300
------------------

---Library Info---
$EDYTGDIUYA&t8T78RE%^$R&: 2676008/2676008
ABC: 2/2
DEF: 2/2
Elon Musk:Tesla, SpaceX, and the Quest for a Fantastic Future: 4035148/4035148
GHI: 2/2
Hunger Game 1: 5460707/5460708
II: 0/2
Introduction to Algorithms: 6495625/6495626
The History of Hamburger: 3048195/3048199
Writing Code that Nobody Else Can Read: 5557837/5557837
a: 298/300
------------------

---Library Info---
$EDYTGDIUYA&t8T78RE%^$R&: 2676008/2676008
ABC: 2/2
DEF: 2/2
Elon Musk:Tesla, SpaceX, and the Quest for a Fantastic Future: 4035148/4035148
GHI: 2/2
Hunger Game 1: 5460707/5460708
II: 0/2
Introduction to Algorithms: 6495625/6495626
The History of Hamburger: 3048195/3048199
Writing Code that Nobody Else Can Read: 5557837/5557837
a: 298/300
------------------

---Search Result---
Elon Musk:Tesla, SpaceX, and the Quest for a Fantastic Future: 4035148/4035148
-------------------

---Search Result---
The History of Hamburger: 3300235/3300239
-------------------

---Library Info---
$EDYTGDIUYA&t8T78RE%^$R&: 2676008/2676008
ABC: 2/2
DEF: 2/2
Elon Musk:Tesla, SpaceX, and the Quest for a Fantastic Future: 4035148/4035148
GHI: 2/2
Hunger Game 1: 5460707/5460708
II: 0/2
Introduction to Algorithms: 6495625/6495626
The History of Hamburger: 3300235/3300239
Writing Code that Nobody Else Can Read: 5557837/5557837
a: 298/300
------------------

---Search Result---
Introduction to Algorithms: 6495625/6495626
-------------------

---Library Info---
$EDYTGDIUYA&t8T78RE%^$R&: 2676008/2676008
ABC: 2/2
DEF: 2/2
Elon Musk:Tesla, SpaceX, and the Quest for a Fantastic Future: 4035148/4035148
GHI: 2/2
Hunger Game 1: 5460707/5460708
II: 0/2
Introduction to Algorithms: 6495625/6495626
The History of Hamburger: 3300235/3300239
Writing Code that Nobody Else Can Read: 5557837/5557837
a: 298/300
------------------

---Library Info---
$EDYTGDIUYA&t8T78RE%^$R&: 2676008/2676008
ABC: 2/2
DEF: 2/2
Elon Musk:Tesla, SpaceX, and the Quest for a Fantastic Future: 4161236/4161236
GHI: 2/2
Hunger Game 1: 5460707/5460708
II: 0/2
Introduction to Algorithms: 6495625/6495626
The History of Hamburger: 4157374/4157378
Writing Code that Nobody Else Can Read: 5557837/5557837
a: 298/300
------------------

---Search Result---
The History of Hamburger: 4157374/4157378
-------------------

---Library Info---
$EDYTGDIUYA&t8T78RE%^$R&: 2676008/2676008
ABC: 2/2
DEF: 2/2
Elon Musk:Tesla, SpaceX, and the Quest for a Fantastic Future: 4161236/4161236
GHI: 2/2
Hunger Game 1: 5460707/5460708
II: 0/2
Introduction to Algorithms: 6495625/6495626
The History of Hamburger: 4824515/4824519
Writing Code that Nobody Else Can Read: 6499014/6499014
a: 298/300
------------------

---Library Info---
$EDYTGDIUYA&t8T78RE%^$R&: 2676008/2676008
ABC: 2/2
DEF: 2/2
Elon Musk:Tesla, SpaceX, and the Quest for a Fantastic Future: 4161236/4161236
GHI: 2/2
Hunger Game 1: 5460707/5460708
II: 0/2
Introduction to Algorithms: 6681331/6681332
The History of Hamburger: 4824515/4824519
Writing Code that Nobody Else Can Read: 6499014/6499014
a: 298/300
------------------

---Library Info---
$EDYTGDIUYA&t8T78RE%^$R&: 2676008/2676008
ABC: 2/2
DEF: 2/2
Elon Musk:Tesla, SpaceX, and the Quest for a Fantastic Future: 4161236/4161236
GHI: 2/2
Hunger Game 1: 5460707/5460708
II: 0/2
Introduction to Algorithms: 6681331/6681332
The History of Hamburger: 4824515/4824519
Writing Code that Nobody Else Can Read: 6499014/6499014
a: 298/300
------------------

---Search Result---
$EDYTGDIUYA&t8T78RE%^$R&: 2676008/2676008
-------------------

---Library Info---
$EDYTGDIUYA&t8T78RE%^$R&: 2676008/2676008
ABC: 2/2
DEF: 2/2
Elon Musk:Tesla, SpaceX, and the Quest for a Fantastic Future: 4161236/4161236
GHI: 2/2
Hunger Game 1: 5460707/5460708
II: 0/2
Introduction to Algorithms: 6681331/6681332
The History of Hamburger: 4824515/4824519
Writing Code that Nobody Else Can Read: 6499014/6499014
a: 298/300
------------------

---Library Info---
$EDYTGDIUYA&t8T78RE%^$R&: 2676008/2676008
ABC: 2/2
DEF: 2/2
Elon Musk:Tesla, SpaceX, and the Quest for a Fantastic Future: 4161236/4161236
GHI: 2/2
Hunger Game 1: 5460707/5460708
II: 0/2
Introduction to Algorithms: 6681331/6681332
The History of Hamburger: 4824515/4824519
Writing Code that Nobody Else Can Read: 7280144/7280144
a: 298/300
------------------

---Library Info---
$EDYTGDIUYA&t8T78RE%^$R&: 2676008/2676008
ABC: 2/2
DEF: 2/2
Elon Musk:Tesla, SpaceX, and the Quest for a Fantastic Future: 4161236/4161236
GHI: 2/2
Hunger Game 1: 5460707/5460708
II: 0/2
Introduction to Algorithms: 6681331/6681332
The History of Hamburger: 4824515/4824519
Writing Code that Nobody Else Can Read: 7280144/7280144
a: 298/300
------------------

---Library Info---
$EDYTGDIUYA&t8T78RE%^$R&: 2676008/2676008
ABC: 2/2
DEF: 2/2
Elon Musk:Tesla, SpaceX, and the Quest for a Fantastic Future: 4161236/4161236
GHI: 2/2
Hunger Game 1: 5460707/5460708
II: 0/2
Introduction to Algorithms: 6681331/6681332
The History of Hamburger: 4824515/4824519
Writing Code that Nobody Else Can Read: 7280144/7280144
a: 298/300
------------------

---Search Result---
Writing Code that Nobody Else Can Read: 7280144/7280144
-------------------

---Search Result---
Introduction to Algorithms: 6681331/6681332
-------------------

---Library Info---
$EDYTGDIUYA&t8T78RE%^$R&: 2676008/2676008
ABC: 2/2
DEF: 2/2
Elon Musk:Tesla, SpaceX, and the Quest for a Fantastic Future: 4161236/4161236
GHI: 2/2
Hunger Game 1: 5460707/5460708
II: 0/2
Introduction to Algorithms: 6681331/6681332
The History of Hamburger: 5798595/5798599
Writing Code that Nobody Else Can Read: 7280144/7280144
a: 298/300
------------------

---Search Result---
The History of Hamburger: 5798595/5798599
-------------------

---Library Info---
$EDYTGDIUYA&t8T78RE%^$R&: 2676008/2676008
ABC: 2/2
DEF: 2/2
Elon Musk:Tesla, SpaceX, and the Quest for a Fantastic Future: 4161236/4161236
GHI: 2/2
Hunger Game 1: 5460707/5460708
II: 0/2
Introduction to Algorithms: 6681331/6681332
The History of Hamburger: 5798595/5798599
Writing Code that Nobody Else Can Read: 7614939/7614939
a: 298/300
------------------

---Search Result---
Elon Musk:Tesla, SpaceX, and the Quest for a Fantastic Future: 4161236/4161236
-------------------

---Search Result---
Introduction to Algorithms: 6681331/6681332
Writing Code that Nobody Else Can Read: 7614939/7614939
-------------------

---Library Info---
$EDYTGDIUYA&t8T78RE%^$R&: 3488103/3488103
ABC: 2/2
DEF: 2/2
Elon Musk:Tesla, SpaceX, and the Quest for a Fantastic Future: 4161236/4161236
GHI: 2/2
Hunger Game 1: 5460707/5460708
II: 0/2
Introduction to Algorithms: 6681331/6681332
The History of Hamburger: 5798595/5798599
Writing Code that Nobody Else Can Read: 7614939/7614939
a: 298/300
------------------

---Return Book---
You are not our member!
-----------------

---Search Result---
$EDYTGDIUYA&t8T78RE%^$R&: 3488103/3488103
-------------------

---Library Info---
$EDYTGDIUYA&t8T78RE%^$R&: 3488103/3488103
ABC: 2/2
DEF: 2/2
Elon Musk:Tesla, SpaceX, and the Quest for a Fantastic Future: 4161236/4161236
GHI: 2/2
Hunger Game 1: 5460707/5460708
II: 0/2
Introduction to Algorithms: 6681331/6681332
The History of Hamburger: 5798595/5798599
Writing Code that Nobody Else Can Read: 8582008/8582008
a: 298/300
------------------

---Search Result---
Writing Code that Nobody Else Can Read: 8582008/8582008
-------------------

---Library Info---
$EDYTGDIUYA&t8T78RE%^$R&: 3488103/3488103
ABC: 2/2
DEF: 2/2
Elon Musk:Tesla, SpaceX, and the Quest for a Fantastic Future: 4161236/4161236
GHI: 2/2
Hunger Game 1: 5460707/5460708
II: 0/2
Introduction to Algorithms: 6681331/6681332
The History of Hamburger: 5798595/5798599
Writing Code that Nobody Else Can Read: 9362428/9362428
a: 298/300
------------------

---Return Book---
This book does not belong here or you did not borrow it!
-----------------

---Library Info---
$EDYTGDIUYA&t8T78RE%^$R&: 3488103/3488103
ABC: 2/2
DEF: 2/2
Elon Musk:Tesla, SpaceX, and the Quest for a Fantastic Future: 4161236/4161236
GHI: 2/2
Hunger Game 1: 5460707/5460708
II: 0/2
Introduction to Algorithms: 6681331/6681332
The History of Hamburger: 5798595/5798599
Writing Code that Nobody Else Can Read: 9362428/9362428
a: 298/300
------------------

---Search Result---
Introduction to Algorithms: 6681331/6681332
Writing Code that Nobody Else Can Read: 9362428/9362428
-------------------

---Search Result---
Introduction to Algorithms: 6681331/6681332
-------------------

---Library Info---
$EDYTGDIUYA&t8T78RE%^$R&: 3488103/3488103
ABC: 2/2
DEF: 2/2
Elon Musk:Tesla, SpaceX, and the Quest for a Fantastic Future: 4161236/4161236
GHI: 2/2
Hunger Game 1: 5460707/5460708
II: 0/2
Introduction to Algorithms: 6681331/6681332
The History of Hamburger: 5798595/5798599
Writing Code that Nobody Else Can Read: 9362428/9362428
a: 298/300
------------------

---Search Result---
Elon Musk:Tesla, SpaceX, and the Quest for a Fantastic Future: 4161236/4161236
-------------------

Have a nice day!
