#queen: 1
#rook: 1
#bishop: 1
#knight: 0

  0  0 -1  0 -1 -1 -1  0
 -1 -1 -1 -1 -1  3 -1 -1
  0  0  0  0 -1 -1  2  0
 -1  0  0  0  0 -1 -1 -1
 -1 -1 -1 -1 -1 -1  4 -1
  0  0 -1 -1  0 -1 -1 -1
  0  0 -1 -1 -1 -1 -1  0
  0 -1  0 -1  2 -1 -1  0

  1  0 -1  0 -1 -1 -1  0
 -1 -1 -1 -1 -1  3 -1 -1
  0 -1  0  0 -1 -1  2  0
 -1  0  0  0  0 -1 -1 -1
 -1 -1 -1 -1 -1 -1  4 -1
  0  0 -1 -1  0 -1 -1 -1
  0  0 -1 -1 -1 -1 -1  0
  0 -1  0 -1  2 -1 -1  0

invalid place
#queen: 2
#rook: 1
#bishop: 2
#knight: 1

invalid place
invalid place
#queen: 2
#rook: 1
#bishop: 2
#knight: 1

invalid place
invalid place
#queen: 2
#rook: 1
#bishop: 2
#knight: 1

  1  0 -1  0 -1 -1 -1  0
 -1 -1 -1 -1 -1  3 -1 -1
  0 -1 -1 -1 -1 -1  2  0
 -1 -1  4 -1 -1 -1 -1 -1
 -1 -1 -1 -1 -1 -1  4 -1
 -1  0 -1 -1 -1 -1 -1 -1
  0  0 -1 -1 -1 -1 -1  0
  0 -1 -1 -1  2 -1 -1  0

