#queen: 0
#rook: 0
#bishop: 0
#knight: 1

  0  0  0  0  0  0  0  0
  0  0  0  0  0  0  0  0
  0  0  0  0  0  0  0  0
  0  0  0  0 -1  0 -1  0
  0  0  0 -1  0  0  0 -1
  0  0  0  0  0  1  0  0
  0  0  0 -1  0  0  0 -1
  0  0  0  0 -1  0 -1  0

invalid place
#queen: 0
#rook: 0
#bishop: 0
#knight: 1

invalid place
#queen: 0
#rook: 0
#bishop: 0
#knight: 1

  0  0  0  0  0  0  0  0
  0  0  0  0  0  0  0  0
  0  0  0  0  0  0  0  0
  0  0  0  0 -1  0 -1  0
  0  0  0 -1  0  0  0 -1
  0  0  0  0  0  1  0  0
  0  0  0 -1  0  0  0 -1
  0  0  0  0 -1  0 -1  0

#queen: 1
#rook: 0
#bishop: 0
#knight: 0

 -1  0  0  0  0 -1  0  0
  0 -1  0  0  0 -1  0  0
  0  0 -1  0  0 -1  0  0
  0  0  0 -1  0 -1  0 -1
  0  0  0  0 -1 -1 -1  0
 -1 -1 -1 -1 -1  4 -1 -1
  0  0  0  0 -1 -1 -1  0
  0  0  0 -1  0 -1  0 -1

#queen: 1
#rook: 0
#bishop: 1
#knight: 0

 -1  0  0  0  0 -1  0 -1
 -1 -1  0  0  0 -1 -1  0
  0 -1 -1  0  0 -1  0  0
  0  0 -1 -1 -1 -1  0 -1
  0  0  0  2 -1 -1 -1  0
 -1 -1 -1 -1 -1  4 -1 -1
  0 -1  0  0 -1 -1 -1  0
 -1  0  0 -1  0 -1 -1 -1

invalid place
invalid place
#queen: 2
#rook: 0
#bishop: 0
#knight: 0

 -1  0  0 -1  0 -1  0 -1
 -1 -1  0 -1  0 -1 -1  0
  0 -1 -1 -1  0 -1  0  0
  0  0 -1 -1 -1 -1  0 -1
 -1 -1 -1  4 -1 -1 -1 -1
 -1 -1 -1 -1 -1  4 -1 -1
  0 -1  0 -1 -1 -1 -1  0
 -1  0  0 -1  0 -1 -1 -1

#queen: 2
#rook: 1
#bishop: 0
#knight: 0

 -1  3 -1 -1 -1 -1 -1 -1
 -1 -1  0 -1  0 -1 -1  0
  0 -1 -1 -1  0 -1  0  0
  0 -1 -1 -1 -1 -1  0 -1
 -1 -1 -1  4 -1 -1 -1 -1
 -1 -1 -1 -1 -1  4 -1 -1
  0 -1  0 -1 -1 -1 -1  0
 -1 -1  0 -1  0 -1 -1 -1

invalid place
#queen: 2
#rook: 1
#bishop: 0
#knight: 0

 -1  3 -1 -1 -1 -1 -1 -1
 -1 -1  0 -1  0 -1 -1  0
  0 -1 -1 -1  0 -1  0  0
  0 -1 -1 -1 -1 -1  0 -1
 -1 -1 -1  4 -1 -1 -1 -1
 -1 -1 -1 -1 -1  4 -1 -1
  0 -1  0 -1 -1 -1 -1  0
 -1 -1  0 -1  0 -1 -1 -1

invalid place
#queen: 2
#rook: 1
#bishop: 0
#knight: 0

 -1  3 -1 -1 -1 -1 -1 -1
 -1 -1  0 -1  0 -1 -1  0
  0 -1 -1 -1  0 -1  0  0
  0 -1 -1 -1 -1 -1  0 -1
 -1 -1 -1  4 -1 -1 -1 -1
 -1 -1 -1 -1 -1  4 -1 -1
  0 -1  0 -1 -1 -1 -1  0
 -1 -1  0 -1  0 -1 -1 -1

#queen: 3
#rook: 0
#bishop: 0
#knight: 0

 -1  4 -1 -1 -1 -1 -1 -1
 -1 -1 -1 -1  0 -1 -1  0
  0 -1 -1 -1  0 -1  0  0
  0 -1 -1 -1 -1 -1  0 -1
 -1 -1 -1  4 -1 -1 -1 -1
 -1 -1 -1 -1 -1  4 -1 -1
  0 -1  0 -1 -1 -1 -1 -1
 -1 -1  0 -1  0 -1 -1 -1

