#queen: 0
#rook: 0
#bishop: 1
#knight: 1

 -1  0  0  0  0  0  0  0
  0 -1  0  0  0  0  0  0
  0  0 -1 -1  0 -1  0  0
  0  0 -1 -1  0  0 -1  0
  0  0  0  0  1  0  0  0
  0  0 -1  0  0 -1 -1  0
  0  0  0 -1  0 -1 -1  0
  0  0  0  0  0  0  0  2

invalid place
#queen: 2
#rook: 0
#bishop: 0
#knight: 0

 -1  0  0  0 -1  0  0 -1
  0 -1  0  0 -1  0  0 -1
  0  0 -1  0 -1  0 -1 -1
  0  0  0 -1 -1 -1  0 -1
 -1 -1 -1 -1  4 -1 -1 -1
  0  0  0 -1 -1 -1  0 -1
  0  0 -1  0 -1  0 -1 -1
 -1 -1 -1 -1 -1 -1 -1  4

