  3 -1 -1 -1 -1 -1 -1 -1
 -1  3 -1 -1 -1 -1 -1 -1
 -1 -1  3 -1 -1 -1 -1 -1
 -1 -1 -1  3 -1 -1 -1 -1
 -1 -1 -1 -1  0  0  0  0
 -1 -1 -1 -1  0  0  0  0
 -1 -1 -1 -1  0  0  0  0
 -1 -1 -1 -1  0  0  0  0

#queen: 0
#rook: 6
#bishop: 0
#knight: 0

  3 -1 -1 -1 -1 -1 -1 -1
 -1  3 -1 -1 -1 -1 -1 -1
 -1 -1  3 -1 -1 -1 -1 -1
 -1 -1 -1  3 -1 -1 -1 -1
 -1 -1 -1 -1  3 -1 -1 -1
 -1 -1 -1 -1 -1  3 -1 -1
 -1 -1 -1 -1 -1 -1  3 -1
 -1 -1 -1 -1 -1 -1 -1  3

  4 -1 -1 -1 -1 -1 -1 -1
 -1  4 -1 -1 -1 -1 -1 -1
 -1 -1  4 -1 -1 -1 -1 -1
 -1 -1 -1  4 -1 -1 -1 -1
 -1 -1 -1 -1  4 -1 -1 -1
 -1 -1 -1 -1 -1  4 -1 -1
 -1 -1 -1 -1 -1 -1  4 -1
 -1 -1 -1 -1 -1 -1 -1  4

#queen: 8
#rook: 0
#bishop: 0
#knight: 0

invalid place
invalid place
#queen: 8
#rook: 0
#bishop: 0
#knight: 0

  4 -1 -1 -1 -1 -1 -1 -1
 -1  4 -1 -1 -1 -1 -1 -1
 -1 -1  4 -1 -1 -1 -1 -1
 -1 -1 -1  4 -1 -1 -1 -1
 -1 -1 -1 -1  4 -1 -1 -1
 -1 -1 -1 -1 -1  4 -1 -1
 -1 -1 -1 -1 -1 -1  4 -1
 -1 -1 -1 -1 -1 -1 -1  4

